Timestamp: 10/26/2014 11:55:47 PM; Severity: Information; Title: Lifecycle Event
Message: Application_Start()
Extended Properties: 
-----------------------------------------
Timestamp: 10/26/2014 11:55:47 PM; Severity: Information; Title: XPath to Css Class Selector Mapping
Message: found 27 mappings
Extended Properties: //xsd:choice - partiallySupported
//xsd:all - partiallySupported
//xsd:union - partiallySupported
//xsd:any/@processContents - notSupported
//xsd:complexType/@final - notSupported
//xsd:complexType/@block - notSupported
//xsd:complexType/@mixed - notSupported
//xsd:complexType/@abstract - notSupported
//xsd:annotation - notSupported
//xsd:element/@substitutionGroup - notSupported
//xsd:element/@unique - notSupported
//xsd:element/@key - notSupported
//xsd:element/@keyref - notSupported
//xsd:element/@field - notSupported
//xsd:element/@selector - notSupported
//xsd:simpleType/xsd:restriction/xsd:enumeration - notSupported
//xsd:simpleType/xsd:restriction/xsd:minExclusive - notSupported
//xsd:simpleType/xsd:restriction/xsd:minInclusive - notSupported
//xsd:simpleType/xsd:restriction/xsd:maxExclusive - notSupported
//xsd:simpleType/xsd:restriction/xsd:maxInclusive - notSupported
//xsd:simpleType/xsd:restriction/xsd:totalDigits - notSupported
//xsd:simpleType/xsd:restriction/xsd:fractionDigits - notSupported
//xsd:simpleType/xsd:restriction/xsd:length - notSupported
//xsd:simpleType/xsd:restriction/xsd:minLength - notSupported
//xsd:simpleType/xsd:restriction/xsd:maxLength - notSupported
//xsd:simpleType/xsd:restriction/xsd:whiteSpace - notSupported
//xsd:simpleType/xsd:restriction/xsd:pattern - notSupported

-----------------------------------------
Timestamp: 10/26/2014 11:56:32 PM; Severity: Information; Title: Request Successful
Message: http://queue.amazonaws.com/doc/2008-01-01/QueueService.wsdl
Extended Properties: Client IP - ::1

-----------------------------------------
Timestamp: 10/27/2014 12:00:19 AM; Severity: Information; Title: Request Successful
Message: http://queue.amazonaws.com/doc/2008-01-01/QueueService.wsdl
Extended Properties: Client IP - ::1

-----------------------------------------
Timestamp: 10/27/2014 12:03:15 AM; Severity: Information; Title: Lifecycle Event
Message: Application_Start()
Extended Properties: 
-----------------------------------------
Timestamp: 10/27/2014 12:03:15 AM; Severity: Information; Title: XPath to Css Class Selector Mapping
Message: found 27 mappings
Extended Properties: //xsd:choice - partiallySupported
//xsd:all - partiallySupported
//xsd:union - partiallySupported
//xsd:any/@processContents - notSupported
//xsd:complexType/@final - notSupported
//xsd:complexType/@block - notSupported
//xsd:complexType/@mixed - notSupported
//xsd:complexType/@abstract - notSupported
//xsd:annotation - notSupported
//xsd:element/@substitutionGroup - notSupported
//xsd:element/@unique - notSupported
//xsd:element/@key - notSupported
//xsd:element/@keyref - notSupported
//xsd:element/@field - notSupported
//xsd:element/@selector - notSupported
//xsd:simpleType/xsd:restriction/xsd:enumeration - notSupported
//xsd:simpleType/xsd:restriction/xsd:minExclusive - notSupported
//xsd:simpleType/xsd:restriction/xsd:minInclusive - notSupported
//xsd:simpleType/xsd:restriction/xsd:maxExclusive - notSupported
//xsd:simpleType/xsd:restriction/xsd:maxInclusive - notSupported
//xsd:simpleType/xsd:restriction/xsd:totalDigits - notSupported
//xsd:simpleType/xsd:restriction/xsd:fractionDigits - notSupported
//xsd:simpleType/xsd:restriction/xsd:length - notSupported
//xsd:simpleType/xsd:restriction/xsd:minLength - notSupported
//xsd:simpleType/xsd:restriction/xsd:maxLength - notSupported
//xsd:simpleType/xsd:restriction/xsd:whiteSpace - notSupported
//xsd:simpleType/xsd:restriction/xsd:pattern - notSupported

-----------------------------------------
Timestamp: 10/27/2014 12:03:57 AM; Severity: Information; Title: Request Successful
Message: http://queue.amazonaws.com/doc/2008-01-01/QueueService.wsdl
Extended Properties: Client IP - ::1

-----------------------------------------
Timestamp: 10/27/2014 12:18:36 AM; Severity: Information; Title: Lifecycle Event
Message: Application_End()
Extended Properties: 
-----------------------------------------
Timestamp: 10/27/2014 12:19:07 AM; Severity: Information; Title: Lifecycle Event
Message: Application_Start()
Extended Properties: 
-----------------------------------------
Timestamp: 10/27/2014 12:19:07 AM; Severity: Information; Title: XPath to Css Class Selector Mapping
Message: found 27 mappings
Extended Properties: //xsd:choice - partiallySupported
//xsd:all - partiallySupported
//xsd:union - partiallySupported
//xsd:any/@processContents - notSupported
//xsd:complexType/@final - notSupported
//xsd:complexType/@block - notSupported
//xsd:complexType/@mixed - notSupported
//xsd:complexType/@abstract - notSupported
//xsd:annotation - notSupported
//xsd:element/@substitutionGroup - notSupported
//xsd:element/@unique - notSupported
//xsd:element/@key - notSupported
//xsd:element/@keyref - notSupported
//xsd:element/@field - notSupported
//xsd:element/@selector - notSupported
//xsd:simpleType/xsd:restriction/xsd:enumeration - notSupported
//xsd:simpleType/xsd:restriction/xsd:minExclusive - notSupported
//xsd:simpleType/xsd:restriction/xsd:minInclusive - notSupported
//xsd:simpleType/xsd:restriction/xsd:maxExclusive - notSupported
//xsd:simpleType/xsd:restriction/xsd:maxInclusive - notSupported
//xsd:simpleType/xsd:restriction/xsd:totalDigits - notSupported
//xsd:simpleType/xsd:restriction/xsd:fractionDigits - notSupported
//xsd:simpleType/xsd:restriction/xsd:length - notSupported
//xsd:simpleType/xsd:restriction/xsd:minLength - notSupported
//xsd:simpleType/xsd:restriction/xsd:maxLength - notSupported
//xsd:simpleType/xsd:restriction/xsd:whiteSpace - notSupported
//xsd:simpleType/xsd:restriction/xsd:pattern - notSupported

-----------------------------------------
Timestamp: 10/27/2014 12:44:28 PM; Severity: Information; Title: Lifecycle Event
Message: Application_Start()
Extended Properties: 
-----------------------------------------
Timestamp: 10/27/2014 12:44:28 PM; Severity: Information; Title: XPath to Css Class Selector Mapping
Message: found 27 mappings
Extended Properties: //xsd:choice - partiallySupported
//xsd:all - partiallySupported
//xsd:union - partiallySupported
//xsd:any/@processContents - notSupported
//xsd:complexType/@final - notSupported
//xsd:complexType/@block - notSupported
//xsd:complexType/@mixed - notSupported
//xsd:complexType/@abstract - notSupported
//xsd:annotation - notSupported
//xsd:element/@substitutionGroup - notSupported
//xsd:element/@unique - notSupported
//xsd:element/@key - notSupported
//xsd:element/@keyref - notSupported
//xsd:element/@field - notSupported
//xsd:element/@selector - notSupported
//xsd:simpleType/xsd:restriction/xsd:enumeration - notSupported
//xsd:simpleType/xsd:restriction/xsd:minExclusive - notSupported
//xsd:simpleType/xsd:restriction/xsd:minInclusive - notSupported
//xsd:simpleType/xsd:restriction/xsd:maxExclusive - notSupported
//xsd:simpleType/xsd:restriction/xsd:maxInclusive - notSupported
//xsd:simpleType/xsd:restriction/xsd:totalDigits - notSupported
//xsd:simpleType/xsd:restriction/xsd:fractionDigits - notSupported
//xsd:simpleType/xsd:restriction/xsd:length - notSupported
//xsd:simpleType/xsd:restriction/xsd:minLength - notSupported
//xsd:simpleType/xsd:restriction/xsd:maxLength - notSupported
//xsd:simpleType/xsd:restriction/xsd:whiteSpace - notSupported
//xsd:simpleType/xsd:restriction/xsd:pattern - notSupported

-----------------------------------------
Timestamp: 10/27/2014 12:44:46 PM; Severity: Information; Title: Request Successful
Message: http://queue.amazonaws.com/doc/2008-01-01/QueueService.wsdl
Extended Properties: Client IP - ::1

-----------------------------------------
Timestamp: 10/27/2014 12:49:02 PM; Severity: Information; Title: Request Successful
Message: http://www.webservicex.net/globalweather.asmx?WSDL
Extended Properties: Client IP - ::1

-----------------------------------------
Timestamp: 10/27/2014 12:54:02 PM; Severity: Information; Title: Lifecycle Event
Message: Application_End()
Extended Properties: 
-----------------------------------------
